<?xml version="1.0" encoding="UTF-8"?>
<testsuite xmlns:xsi="http://www.w3.org/2001/XMLSchema-instance" xsi:noNamespaceSchemaLocation="https://maven.apache.org/surefire/maven-surefire-plugin/xsd/surefire-test-report.xsd" name="com.mobilityX.AdminServiceTest" time="0.062" tests="9" errors="0" skipped="0" failures="0">
  <properties>
[...]
</properties>
  <testcase name="testCrearUsuarioDuplicado" classname="com.mobilityX.AdminServiceTest" time="0.004"/>
  <testcase name="testEliminarUsuario" classname="com.mobilityX.AdminServiceTest" time="0"/>
  <testcase name="testEliminarAdminActual" classname="com.mobilityX.AdminServiceTest" time="0.001"/>
  <testcase name="testCrearTrabajadorTipoInvalido" classname="com.mobilityX.AdminServiceTest" time="0.001"/>
  <testcase name="testEliminarTrabajador" classname="com.mobilityX.AdminServiceTest" time="0.001"/>
  <testcase name="testCrearUsuarioEstandar" classname="com.mobilityX.AdminServiceTest" time="0"/>
  <testcase name="testCrearUsuarioPremium" classname="com.mobilityX.AdminServiceTest" time="0.001"/>
  <testcase name="testCrearTrabajador" classname="com.mobilityX.AdminServiceTest" time="0"/>
  <testcase name="testModificarUsuario" classname="com.mobilityX.AdminServiceTest" time="0"/>
</testsuite>